<?xml version="1.0" encoding="UTF-8"?>
<testng-results ignored="0" total="1" passed="1" failed="0" skipped="0">
  <reporter-output>
  </reporter-output>
  <suite started-at="2024-11-04T23:49:10 IST" name="Default suite" finished-at="2024-11-04T23:49:20 IST" duration-ms="10744">
    <groups>
    </groups>
    <test started-at="2024-11-04T23:49:10 IST" name="Default test" finished-at="2024-11-04T23:49:20 IST" duration-ms="10744">
      <class name="Login">
        <test-method is-config="true" signature="setup()[pri:0, instance:Login@1283bb96]" started-at="2024-11-04T23:49:10 IST" name="setup" finished-at="2024-11-04T23:49:18 IST" duration-ms="8282" status="PASS">
          <reporter-output>
          </reporter-output>
        </test-method> <!-- setup -->
        <test-method signature="loginWithInvalidCred()[pri:0, instance:Login@1283bb96]" started-at="2024-11-04T23:49:18 IST" name="loginWithInvalidCred" finished-at="2024-11-04T23:49:20 IST" duration-ms="2236" status="PASS">
          <reporter-output>
          </reporter-output>
        </test-method> <!-- loginWithInvalidCred -->
        <test-method is-config="true" signature="teardown()[pri:0, instance:Login@1283bb96]" started-at="2024-11-04T23:49:20 IST" name="teardown" finished-at="2024-11-04T23:49:20 IST" duration-ms="169" status="PASS">
          <reporter-output>
          </reporter-output>
        </test-method> <!-- teardown -->
      </class> <!-- Login -->
    </test> <!-- Default test -->
  </suite> <!-- Default suite -->
</testng-results>
